{"/Users/shivam_agarwal/CodeAcademy/eval-4/eval-4-backend/db/config/config.js": {"path":"/Users/shivam_agarwal/CodeAcademy/eval-4/eval-4-backend/db/config/config.js","statementMap":{"0":{"start":{"line":1,"column":0},"end":{"line":20,"column":2}}},"fnMap":{},"branchMap":{"0":{"loc":{"start":{"line":3,"column":14},"end":{"line":3,"column":47}},"type":"binary-expr","locations":[{"start":{"line":3,"column":14},"end":{"line":3,"column":33}},{"start":{"line":3,"column":37},"end":{"line":3,"column":47}}],"line":3},"1":{"loc":{"start":{"line":4,"column":14},"end":{"line":4,"column":45}},"type":"binary-expr","locations":[{"start":{"line":4,"column":14},"end":{"line":4,"column":37}},{"start":{"line":4,"column":41},"end":{"line":4,"column":45}}],"line":4},"2":{"loc":{"start":{"line":5,"column":14},"end":{"line":5,"column":42}},"type":"binary-expr","locations":[{"start":{"line":5,"column":14},"end":{"line":5,"column":33}},{"start":{"line":5,"column":37},"end":{"line":5,"column":42}}],"line":5},"3":{"loc":{"start":{"line":6,"column":10},"end":{"line":6,"column":44}},"type":"binary-expr","locations":[{"start":{"line":6,"column":10},"end":{"line":6,"column":29}},{"start":{"line":6,"column":33},"end":{"line":6,"column":44}}],"line":6},"4":{"loc":{"start":{"line":8,"column":10},"end":{"line":8,"column":37}},"type":"binary-expr","locations":[{"start":{"line":8,"column":10},"end":{"line":8,"column":29}},{"start":{"line":8,"column":33},"end":{"line":8,"column":37}}],"line":8},"5":{"loc":{"start":{"line":12,"column":14},"end":{"line":12,"column":47}},"type":"binary-expr","locations":[{"start":{"line":12,"column":14},"end":{"line":12,"column":33}},{"start":{"line":12,"column":37},"end":{"line":12,"column":47}}],"line":12},"6":{"loc":{"start":{"line":13,"column":14},"end":{"line":13,"column":45}},"type":"binary-expr","locations":[{"start":{"line":13,"column":14},"end":{"line":13,"column":37}},{"start":{"line":13,"column":41},"end":{"line":13,"column":45}}],"line":13},"7":{"loc":{"start":{"line":14,"column":14},"end":{"line":14,"column":42}},"type":"binary-expr","locations":[{"start":{"line":14,"column":14},"end":{"line":14,"column":33}},{"start":{"line":14,"column":37},"end":{"line":14,"column":42}}],"line":14},"8":{"loc":{"start":{"line":15,"column":10},"end":{"line":15,"column":44}},"type":"binary-expr","locations":[{"start":{"line":15,"column":10},"end":{"line":15,"column":29}},{"start":{"line":15,"column":33},"end":{"line":15,"column":44}}],"line":15},"9":{"loc":{"start":{"line":17,"column":10},"end":{"line":17,"column":37}},"type":"binary-expr","locations":[{"start":{"line":17,"column":10},"end":{"line":17,"column":29}},{"start":{"line":17,"column":33},"end":{"line":17,"column":37}}],"line":17}},"s":{"0":3},"f":{},"b":{"0":[3,3],"1":[3,3],"2":[3,3],"3":[3,3],"4":[3,3],"5":[3,3],"6":[3,3],"7":[3,3],"8":[3,3],"9":[3,3]},"_coverageSchema":"1a1c01bbd47fc00a2c39e90264f33305004495a9","hash":"85b6bfa39a750cadd810466df193a56fd491cf8f"}
,"/Users/shivam_agarwal/CodeAcademy/eval-4/eval-4-backend/db/models/contenttypes.js": {"path":"/Users/shivam_agarwal/CodeAcademy/eval-4/eval-4-backend/db/models/contenttypes.js","statementMap":{"0":{"start":{"line":4,"column":4},"end":{"line":4,"column":24}},"1":{"start":{"line":5,"column":0},"end":{"line":24,"column":2}},"2":{"start":{"line":14,"column":6},"end":{"line":14,"column":45}},"3":{"start":{"line":17,"column":2},"end":{"line":22,"column":5}},"4":{"start":{"line":23,"column":2},"end":{"line":23,"column":22}}},"fnMap":{"0":{"name":"(anonymous_0)","decl":{"start":{"line":5,"column":17},"end":{"line":5,"column":18}},"loc":{"start":{"line":5,"column":43},"end":{"line":24,"column":1}},"line":5},"1":{"name":"(anonymous_1)","decl":{"start":{"line":12,"column":4},"end":{"line":12,"column":5}},"loc":{"start":{"line":12,"column":29},"end":{"line":15,"column":5}},"line":12}},"branchMap":{},"s":{"0":3,"1":3,"2":3,"3":3,"4":3},"f":{"0":3,"1":3},"b":{},"_coverageSchema":"1a1c01bbd47fc00a2c39e90264f33305004495a9","hash":"986cd3f2a3937c3495287f350452c226be751e8b"}
,"/Users/shivam_agarwal/CodeAcademy/eval-4/eval-4-backend/db/models/index.js": {"path":"/Users/shivam_agarwal/CodeAcademy/eval-4/eval-4-backend/db/models/index.js","statementMap":{"0":{"start":{"line":3,"column":11},"end":{"line":3,"column":24}},"1":{"start":{"line":4,"column":13},"end":{"line":4,"column":28}},"2":{"start":{"line":5,"column":18},"end":{"line":5,"column":38}},"3":{"start":{"line":6,"column":16},"end":{"line":6,"column":34}},"4":{"start":{"line":7,"column":17},"end":{"line":7,"column":42}},"5":{"start":{"line":8,"column":12},"end":{"line":8,"column":49}},"6":{"start":{"line":9,"column":15},"end":{"line":9,"column":63}},"7":{"start":{"line":10,"column":11},"end":{"line":10,"column":13}},"8":{"start":{"line":13,"column":0},"end":{"line":17,"column":1}},"9":{"start":{"line":14,"column":2},"end":{"line":14,"column":74}},"10":{"start":{"line":16,"column":2},"end":{"line":16,"column":87}},"11":{"start":{"line":19,"column":0},"end":{"line":32,"column":7}},"12":{"start":{"line":22,"column":6},"end":{"line":27,"column":8}},"13":{"start":{"line":30,"column":20},"end":{"line":30,"column":87}},"14":{"start":{"line":31,"column":6},"end":{"line":31,"column":29}},"15":{"start":{"line":34,"column":0},"end":{"line":38,"column":3}},"16":{"start":{"line":35,"column":2},"end":{"line":37,"column":3}},"17":{"start":{"line":36,"column":4},"end":{"line":36,"column":32}},"18":{"start":{"line":40,"column":0},"end":{"line":46,"column":1}},"19":{"start":{"line":41,"column":2},"end":{"line":41,"column":32}},"20":{"start":{"line":43,"column":2},"end":{"line":45,"column":5}},"21":{"start":{"line":44,"column":4},"end":{"line":44,"column":38}},"22":{"start":{"line":48,"column":0},"end":{"line":48,"column":25}},"23":{"start":{"line":49,"column":0},"end":{"line":49,"column":25}},"24":{"start":{"line":51,"column":0},"end":{"line":51,"column":20}}},"fnMap":{"0":{"name":"(anonymous_0)","decl":{"start":{"line":21,"column":12},"end":{"line":21,"column":13}},"loc":{"start":{"line":21,"column":22},"end":{"line":28,"column":5}},"line":21},"1":{"name":"(anonymous_1)","decl":{"start":{"line":29,"column":13},"end":{"line":29,"column":14}},"loc":{"start":{"line":29,"column":23},"end":{"line":32,"column":5}},"line":29},"2":{"name":"(anonymous_2)","decl":{"start":{"line":34,"column":24},"end":{"line":34,"column":25}},"loc":{"start":{"line":34,"column":39},"end":{"line":38,"column":1}},"line":34},"3":{"name":"(anonymous_3)","decl":{"start":{"line":43,"column":37},"end":{"line":43,"column":38}},"loc":{"start":{"line":43,"column":43},"end":{"line":45,"column":3}},"line":43}},"branchMap":{"0":{"loc":{"start":{"line":8,"column":12},"end":{"line":8,"column":49}},"type":"binary-expr","locations":[{"start":{"line":8,"column":12},"end":{"line":8,"column":32}},{"start":{"line":8,"column":36},"end":{"line":8,"column":49}}],"line":8},"1":{"loc":{"start":{"line":13,"column":0},"end":{"line":17,"column":1}},"type":"if","locations":[{"start":{"line":13,"column":0},"end":{"line":17,"column":1}},{"start":{"line":15,"column":7},"end":{"line":17,"column":1}}],"line":13},"2":{"loc":{"start":{"line":23,"column":8},"end":{"line":26,"column":37}},"type":"binary-expr","locations":[{"start":{"line":23,"column":8},"end":{"line":23,"column":31}},{"start":{"line":24,"column":6},"end":{"line":24,"column":23}},{"start":{"line":25,"column":6},"end":{"line":25,"column":30}},{"start":{"line":26,"column":6},"end":{"line":26,"column":37}}],"line":23},"3":{"loc":{"start":{"line":35,"column":2},"end":{"line":37,"column":3}},"type":"if","locations":[{"start":{"line":35,"column":2},"end":{"line":37,"column":3}},{"start":{},"end":{}}],"line":35},"4":{"loc":{"start":{"line":40,"column":0},"end":{"line":46,"column":1}},"type":"if","locations":[{"start":{"line":40,"column":0},"end":{"line":46,"column":1}},{"start":{"line":42,"column":7},"end":{"line":46,"column":1}}],"line":40}},"s":{"0":3,"1":3,"2":3,"3":3,"4":3,"5":3,"6":3,"7":3,"8":3,"9":0,"10":3,"11":3,"12":9,"13":6,"14":6,"15":3,"16":6,"17":6,"18":3,"19":3,"20":0,"21":0,"22":3,"23":3,"24":3},"f":{"0":9,"1":6,"2":6,"3":0},"b":{"0":[3,0],"1":[0,3],"2":[9,9,6,6],"3":[6,0],"4":[3,0]},"_coverageSchema":"1a1c01bbd47fc00a2c39e90264f33305004495a9","hash":"ef8c40b0d2fe4fb112010aee53c64400bdee51d6"}
,"/Users/shivam_agarwal/CodeAcademy/eval-4/eval-4-backend/db/models/tableslist.js": {"path":"/Users/shivam_agarwal/CodeAcademy/eval-4/eval-4-backend/db/models/tableslist.js","statementMap":{"0":{"start":{"line":4,"column":4},"end":{"line":4,"column":24}},"1":{"start":{"line":5,"column":0},"end":{"line":28,"column":2}},"2":{"start":{"line":14,"column":6},"end":{"line":17,"column":9}},"3":{"start":{"line":20,"column":2},"end":{"line":26,"column":5}},"4":{"start":{"line":27,"column":2},"end":{"line":27,"column":20}}},"fnMap":{"0":{"name":"(anonymous_0)","decl":{"start":{"line":5,"column":17},"end":{"line":5,"column":18}},"loc":{"start":{"line":5,"column":43},"end":{"line":28,"column":1}},"line":5},"1":{"name":"(anonymous_1)","decl":{"start":{"line":12,"column":4},"end":{"line":12,"column":5}},"loc":{"start":{"line":12,"column":29},"end":{"line":18,"column":5}},"line":12}},"branchMap":{},"s":{"0":3,"1":3,"2":3,"3":3,"4":3},"f":{"0":3,"1":3},"b":{},"_coverageSchema":"1a1c01bbd47fc00a2c39e90264f33305004495a9","hash":"d89ac01ef39c24ac9fec47441a19c05ddf61d6ed"}
,"/Users/shivam_agarwal/CodeAcademy/eval-4/eval-4-backend/src/controllers/cms.controllers.js": {"path":"/Users/shivam_agarwal/CodeAcademy/eval-4/eval-4-backend/src/controllers/cms.controllers.js","statementMap":{"0":{"start":{"line":1,"column":19},"end":{"line":1,"column":54}},"1":{"start":{"line":2,"column":20},"end":{"line":2,"column":57}},"2":{"start":{"line":4,"column":24},"end":{"line":15,"column":1}},"3":{"start":{"line":5,"column":2},"end":{"line":14,"column":3}},"4":{"start":{"line":6,"column":25},"end":{"line":6,"column":59}},"5":{"start":{"line":7,"column":4},"end":{"line":7,"column":39}},"6":{"start":{"line":9,"column":4},"end":{"line":13,"column":5}},"7":{"start":{"line":10,"column":6},"end":{"line":10,"column":64}},"8":{"start":{"line":12,"column":6},"end":{"line":12,"column":51}},"9":{"start":{"line":17,"column":26},"end":{"line":29,"column":1}},"10":{"start":{"line":18,"column":2},"end":{"line":28,"column":3}},"11":{"start":{"line":19,"column":49},"end":{"line":19,"column":57}},"12":{"start":{"line":20,"column":24},"end":{"line":20,"column":94}},"13":{"start":{"line":21,"column":4},"end":{"line":21,"column":38}},"14":{"start":{"line":23,"column":4},"end":{"line":27,"column":5}},"15":{"start":{"line":24,"column":6},"end":{"line":24,"column":64}},"16":{"start":{"line":26,"column":6},"end":{"line":26,"column":51}},"17":{"start":{"line":31,"column":23},"end":{"line":43,"column":1}},"18":{"start":{"line":32,"column":2},"end":{"line":42,"column":3}},"19":{"start":{"line":33,"column":17},"end":{"line":33,"column":27}},"20":{"start":{"line":34,"column":31},"end":{"line":34,"column":73}},"21":{"start":{"line":35,"column":4},"end":{"line":35,"column":45}},"22":{"start":{"line":37,"column":4},"end":{"line":41,"column":5}},"23":{"start":{"line":38,"column":6},"end":{"line":38,"column":64}},"24":{"start":{"line":40,"column":6},"end":{"line":40,"column":51}},"25":{"start":{"line":45,"column":31},"end":{"line":58,"column":1}},"26":{"start":{"line":46,"column":2},"end":{"line":57,"column":3}},"27":{"start":{"line":47,"column":17},"end":{"line":47,"column":27}},"28":{"start":{"line":48,"column":18},"end":{"line":48,"column":26}},"29":{"start":{"line":49,"column":29},"end":{"line":49,"column":79}},"30":{"start":{"line":50,"column":4},"end":{"line":50,"column":43}},"31":{"start":{"line":52,"column":4},"end":{"line":56,"column":5}},"32":{"start":{"line":53,"column":6},"end":{"line":53,"column":64}},"33":{"start":{"line":55,"column":6},"end":{"line":55,"column":51}},"34":{"start":{"line":60,"column":26},"end":{"line":73,"column":1}},"35":{"start":{"line":61,"column":2},"end":{"line":72,"column":3}},"36":{"start":{"line":62,"column":17},"end":{"line":62,"column":27}},"37":{"start":{"line":63,"column":60},"end":{"line":63,"column":68}},"38":{"start":{"line":64,"column":24},"end":{"line":64,"column":109}},"39":{"start":{"line":65,"column":4},"end":{"line":65,"column":38}},"40":{"start":{"line":67,"column":4},"end":{"line":71,"column":5}},"41":{"start":{"line":68,"column":6},"end":{"line":68,"column":64}},"42":{"start":{"line":70,"column":6},"end":{"line":70,"column":51}},"43":{"start":{"line":75,"column":31},"end":{"line":87,"column":1}},"44":{"start":{"line":76,"column":2},"end":{"line":86,"column":3}},"45":{"start":{"line":77,"column":26},"end":{"line":77,"column":36}},"46":{"start":{"line":78,"column":24},"end":{"line":78,"column":76}},"47":{"start":{"line":79,"column":4},"end":{"line":79,"column":38}},"48":{"start":{"line":81,"column":4},"end":{"line":85,"column":5}},"49":{"start":{"line":82,"column":6},"end":{"line":82,"column":64}},"50":{"start":{"line":84,"column":6},"end":{"line":84,"column":51}},"51":{"start":{"line":89,"column":31},"end":{"line":102,"column":1}},"52":{"start":{"line":90,"column":2},"end":{"line":101,"column":3}},"53":{"start":{"line":91,"column":26},"end":{"line":91,"column":36}},"54":{"start":{"line":92,"column":18},"end":{"line":92,"column":26}},"55":{"start":{"line":93,"column":24},"end":{"line":93,"column":83}},"56":{"start":{"line":94,"column":4},"end":{"line":94,"column":38}},"57":{"start":{"line":96,"column":4},"end":{"line":100,"column":5}},"58":{"start":{"line":97,"column":6},"end":{"line":97,"column":64}},"59":{"start":{"line":99,"column":6},"end":{"line":99,"column":51}},"60":{"start":{"line":104,"column":26},"end":{"line":116,"column":1}},"61":{"start":{"line":105,"column":2},"end":{"line":115,"column":3}},"62":{"start":{"line":106,"column":17},"end":{"line":106,"column":27}},"63":{"start":{"line":107,"column":24},"end":{"line":107,"column":62}},"64":{"start":{"line":108,"column":4},"end":{"line":108,"column":38}},"65":{"start":{"line":110,"column":4},"end":{"line":114,"column":5}},"66":{"start":{"line":111,"column":6},"end":{"line":111,"column":64}},"67":{"start":{"line":113,"column":6},"end":{"line":113,"column":51}},"68":{"start":{"line":118,"column":29},"end":{"line":130,"column":1}},"69":{"start":{"line":119,"column":2},"end":{"line":129,"column":3}},"70":{"start":{"line":120,"column":17},"end":{"line":120,"column":27}},"71":{"start":{"line":121,"column":30},"end":{"line":121,"column":71}},"72":{"start":{"line":122,"column":4},"end":{"line":122,"column":44}},"73":{"start":{"line":124,"column":4},"end":{"line":128,"column":5}},"74":{"start":{"line":125,"column":6},"end":{"line":125,"column":64}},"75":{"start":{"line":127,"column":6},"end":{"line":127,"column":51}},"76":{"start":{"line":132,"column":36},"end":{"line":145,"column":1}},"77":{"start":{"line":133,"column":2},"end":{"line":144,"column":3}},"78":{"start":{"line":134,"column":17},"end":{"line":134,"column":27}},"79":{"start":{"line":135,"column":31},"end":{"line":135,"column":39}},"80":{"start":{"line":136,"column":24},"end":{"line":136,"column":90}},"81":{"start":{"line":137,"column":4},"end":{"line":137,"column":38}},"82":{"start":{"line":139,"column":4},"end":{"line":143,"column":5}},"83":{"start":{"line":140,"column":6},"end":{"line":140,"column":64}},"84":{"start":{"line":142,"column":6},"end":{"line":142,"column":51}},"85":{"start":{"line":148,"column":0},"end":{"line":159,"column":2}}},"fnMap":{"0":{"name":"(anonymous_0)","decl":{"start":{"line":4,"column":24},"end":{"line":4,"column":25}},"loc":{"start":{"line":4,"column":44},"end":{"line":15,"column":1}},"line":4},"1":{"name":"(anonymous_1)","decl":{"start":{"line":17,"column":26},"end":{"line":17,"column":27}},"loc":{"start":{"line":17,"column":46},"end":{"line":29,"column":1}},"line":17},"2":{"name":"(anonymous_2)","decl":{"start":{"line":31,"column":23},"end":{"line":31,"column":24}},"loc":{"start":{"line":31,"column":43},"end":{"line":43,"column":1}},"line":31},"3":{"name":"(anonymous_3)","decl":{"start":{"line":45,"column":31},"end":{"line":45,"column":32}},"loc":{"start":{"line":45,"column":51},"end":{"line":58,"column":1}},"line":45},"4":{"name":"(anonymous_4)","decl":{"start":{"line":60,"column":26},"end":{"line":60,"column":27}},"loc":{"start":{"line":60,"column":46},"end":{"line":73,"column":1}},"line":60},"5":{"name":"(anonymous_5)","decl":{"start":{"line":75,"column":31},"end":{"line":75,"column":32}},"loc":{"start":{"line":75,"column":51},"end":{"line":87,"column":1}},"line":75},"6":{"name":"(anonymous_6)","decl":{"start":{"line":89,"column":31},"end":{"line":89,"column":32}},"loc":{"start":{"line":89,"column":51},"end":{"line":102,"column":1}},"line":89},"7":{"name":"(anonymous_7)","decl":{"start":{"line":104,"column":26},"end":{"line":104,"column":27}},"loc":{"start":{"line":104,"column":46},"end":{"line":116,"column":1}},"line":104},"8":{"name":"(anonymous_8)","decl":{"start":{"line":118,"column":29},"end":{"line":118,"column":30}},"loc":{"start":{"line":118,"column":49},"end":{"line":130,"column":1}},"line":118},"9":{"name":"(anonymous_9)","decl":{"start":{"line":132,"column":36},"end":{"line":132,"column":37}},"loc":{"start":{"line":132,"column":56},"end":{"line":145,"column":1}},"line":132}},"branchMap":{"0":{"loc":{"start":{"line":9,"column":4},"end":{"line":13,"column":5}},"type":"if","locations":[{"start":{"line":9,"column":4},"end":{"line":13,"column":5}},{"start":{"line":11,"column":11},"end":{"line":13,"column":5}}],"line":9},"1":{"loc":{"start":{"line":23,"column":4},"end":{"line":27,"column":5}},"type":"if","locations":[{"start":{"line":23,"column":4},"end":{"line":27,"column":5}},{"start":{"line":25,"column":11},"end":{"line":27,"column":5}}],"line":23},"2":{"loc":{"start":{"line":37,"column":4},"end":{"line":41,"column":5}},"type":"if","locations":[{"start":{"line":37,"column":4},"end":{"line":41,"column":5}},{"start":{"line":39,"column":11},"end":{"line":41,"column":5}}],"line":37},"3":{"loc":{"start":{"line":52,"column":4},"end":{"line":56,"column":5}},"type":"if","locations":[{"start":{"line":52,"column":4},"end":{"line":56,"column":5}},{"start":{"line":54,"column":11},"end":{"line":56,"column":5}}],"line":52},"4":{"loc":{"start":{"line":67,"column":4},"end":{"line":71,"column":5}},"type":"if","locations":[{"start":{"line":67,"column":4},"end":{"line":71,"column":5}},{"start":{"line":69,"column":11},"end":{"line":71,"column":5}}],"line":67},"5":{"loc":{"start":{"line":81,"column":4},"end":{"line":85,"column":5}},"type":"if","locations":[{"start":{"line":81,"column":4},"end":{"line":85,"column":5}},{"start":{"line":83,"column":11},"end":{"line":85,"column":5}}],"line":81},"6":{"loc":{"start":{"line":96,"column":4},"end":{"line":100,"column":5}},"type":"if","locations":[{"start":{"line":96,"column":4},"end":{"line":100,"column":5}},{"start":{"line":98,"column":11},"end":{"line":100,"column":5}}],"line":96},"7":{"loc":{"start":{"line":110,"column":4},"end":{"line":114,"column":5}},"type":"if","locations":[{"start":{"line":110,"column":4},"end":{"line":114,"column":5}},{"start":{"line":112,"column":11},"end":{"line":114,"column":5}}],"line":110},"8":{"loc":{"start":{"line":124,"column":4},"end":{"line":128,"column":5}},"type":"if","locations":[{"start":{"line":124,"column":4},"end":{"line":128,"column":5}},{"start":{"line":126,"column":11},"end":{"line":128,"column":5}}],"line":124},"9":{"loc":{"start":{"line":139,"column":4},"end":{"line":143,"column":5}},"type":"if","locations":[{"start":{"line":139,"column":4},"end":{"line":143,"column":5}},{"start":{"line":141,"column":11},"end":{"line":143,"column":5}}],"line":139}},"s":{"0":1,"1":1,"2":1,"3":3,"4":3,"5":1,"6":2,"7":1,"8":1,"9":1,"10":3,"11":3,"12":3,"13":1,"14":2,"15":1,"16":1,"17":1,"18":3,"19":3,"20":3,"21":1,"22":2,"23":1,"24":1,"25":1,"26":3,"27":3,"28":3,"29":3,"30":1,"31":2,"32":1,"33":1,"34":1,"35":3,"36":3,"37":3,"38":3,"39":1,"40":2,"41":1,"42":1,"43":1,"44":3,"45":3,"46":3,"47":1,"48":2,"49":1,"50":1,"51":1,"52":3,"53":3,"54":3,"55":3,"56":1,"57":2,"58":1,"59":1,"60":1,"61":3,"62":3,"63":3,"64":1,"65":2,"66":1,"67":1,"68":1,"69":3,"70":3,"71":3,"72":1,"73":2,"74":1,"75":1,"76":1,"77":3,"78":3,"79":3,"80":3,"81":1,"82":2,"83":1,"84":1,"85":1},"f":{"0":3,"1":3,"2":3,"3":3,"4":3,"5":3,"6":3,"7":3,"8":3,"9":3},"b":{"0":[1,1],"1":[1,1],"2":[1,1],"3":[1,1],"4":[1,1],"5":[1,1],"6":[1,1],"7":[1,1],"8":[1,1],"9":[1,1]},"_coverageSchema":"1a1c01bbd47fc00a2c39e90264f33305004495a9","hash":"4e3060813bd1f13dc05c7bab1451b08d75da4cca"}
,"/Users/shivam_agarwal/CodeAcademy/eval-4/eval-4-backend/src/middlewares/cms.validations.js": {"path":"/Users/shivam_agarwal/CodeAcademy/eval-4/eval-4-backend/src/middlewares/cms.validations.js","statementMap":{"0":{"start":{"line":1,"column":23},"end":{"line":1,"column":56}},"1":{"start":{"line":3,"column":19},"end":{"line":20,"column":1}},"2":{"start":{"line":4,"column":24},"end":{"line":4,"column":34}},"3":{"start":{"line":5,"column":18},"end":{"line":5,"column":45}},"4":{"start":{"line":6,"column":2},"end":{"line":10,"column":3}},"5":{"start":{"line":7,"column":4},"end":{"line":7,"column":20}},"6":{"start":{"line":8,"column":4},"end":{"line":8,"column":39}},"7":{"start":{"line":9,"column":4},"end":{"line":9,"column":11}},"8":{"start":{"line":11,"column":2},"end":{"line":18,"column":3}},"9":{"start":{"line":12,"column":20},"end":{"line":12,"column":56}},"10":{"start":{"line":13,"column":4},"end":{"line":17,"column":5}},"11":{"start":{"line":14,"column":6},"end":{"line":14,"column":22}},"12":{"start":{"line":15,"column":6},"end":{"line":15,"column":41}},"13":{"start":{"line":16,"column":6},"end":{"line":16,"column":13}},"14":{"start":{"line":19,"column":2},"end":{"line":19,"column":9}},"15":{"start":{"line":22,"column":0},"end":{"line":24,"column":2}}},"fnMap":{"0":{"name":"(anonymous_0)","decl":{"start":{"line":3,"column":19},"end":{"line":3,"column":20}},"loc":{"start":{"line":3,"column":39},"end":{"line":20,"column":1}},"line":3}},"branchMap":{"0":{"loc":{"start":{"line":6,"column":2},"end":{"line":10,"column":3}},"type":"if","locations":[{"start":{"line":6,"column":2},"end":{"line":10,"column":3}},{"start":{},"end":{}}],"line":6},"1":{"loc":{"start":{"line":11,"column":2},"end":{"line":18,"column":3}},"type":"if","locations":[{"start":{"line":11,"column":2},"end":{"line":18,"column":3}},{"start":{},"end":{}}],"line":11},"2":{"loc":{"start":{"line":13,"column":4},"end":{"line":17,"column":5}},"type":"if","locations":[{"start":{"line":13,"column":4},"end":{"line":17,"column":5}},{"start":{},"end":{}}],"line":13}},"s":{"0":1,"1":1,"2":4,"3":4,"4":4,"5":1,"6":1,"7":1,"8":3,"9":2,"10":2,"11":1,"12":1,"13":1,"14":2,"15":1},"f":{"0":4},"b":{"0":[1,3],"1":[2,1],"2":[1,1]},"_coverageSchema":"1a1c01bbd47fc00a2c39e90264f33305004495a9","hash":"3b036b36b2853001b10b019850e7fa89308d82be"}
,"/Users/shivam_agarwal/CodeAcademy/eval-4/eval-4-backend/src/schemas/cms.schemas.js": {"path":"/Users/shivam_agarwal/CodeAcademy/eval-4/eval-4-backend/src/schemas/cms.schemas.js","statementMap":{"0":{"start":{"line":1,"column":12},"end":{"line":1,"column":26}},"1":{"start":{"line":3,"column":21},"end":{"line":5,"column":2}},"2":{"start":{"line":7,"column":0},"end":{"line":9,"column":2}}},"fnMap":{},"branchMap":{},"s":{"0":1,"1":1,"2":1},"f":{},"b":{},"_coverageSchema":"1a1c01bbd47fc00a2c39e90264f33305004495a9","hash":"39c70ea485bc378d3f96f92f52b474d858424b6f"}
,"/Users/shivam_agarwal/CodeAcademy/eval-4/eval-4-backend/src/services/cms.services.js": {"path":"/Users/shivam_agarwal/CodeAcademy/eval-4/eval-4-backend/src/services/cms.services.js","statementMap":{"0":{"start":{"line":1,"column":11},"end":{"line":1,"column":37}},"1":{"start":{"line":2,"column":20},"end":{"line":2,"column":57}},"2":{"start":{"line":3,"column":22},"end":{"line":3,"column":68}},"3":{"start":{"line":5,"column":24},"end":{"line":8,"column":1}},"4":{"start":{"line":6,"column":23},"end":{"line":6,"column":54}},"5":{"start":{"line":7,"column":2},"end":{"line":7,"column":22}},"6":{"start":{"line":10,"column":26},"end":{"line":31,"column":1}},"7":{"start":{"line":11,"column":28},"end":{"line":15,"column":4}},"8":{"start":{"line":16,"column":2},"end":{"line":18,"column":3}},"9":{"start":{"line":17,"column":4},"end":{"line":17,"column":61}},"10":{"start":{"line":19,"column":22},"end":{"line":21,"column":4}},"11":{"start":{"line":22,"column":27},"end":{"line":25,"column":4}},"12":{"start":{"line":26,"column":40},"end":{"line":26,"column":86}},"13":{"start":{"line":26,"column":73},"end":{"line":26,"column":85}},"14":{"start":{"line":27,"column":49},"end":{"line":27,"column":114}},"15":{"start":{"line":27,"column":94},"end":{"line":27,"column":113}},"16":{"start":{"line":28,"column":55},"end":{"line":28,"column":107}},"17":{"start":{"line":29,"column":2},"end":{"line":29,"column":110}},"18":{"start":{"line":30,"column":2},"end":{"line":30,"column":21}},"19":{"start":{"line":33,"column":30},"end":{"line":42,"column":1}},"20":{"start":{"line":34,"column":27},"end":{"line":38,"column":4}},"21":{"start":{"line":39,"column":23},"end":{"line":39,"column":69}},"22":{"start":{"line":40,"column":29},"end":{"line":40,"column":57}},"23":{"start":{"line":41,"column":2},"end":{"line":41,"column":28}},"24":{"start":{"line":44,"column":31},"end":{"line":53,"column":1}},"25":{"start":{"line":45,"column":27},"end":{"line":49,"column":4}},"26":{"start":{"line":50,"column":23},"end":{"line":50,"column":69}},"27":{"start":{"line":51,"column":27},"end":{"line":51,"column":59}},"28":{"start":{"line":52,"column":2},"end":{"line":52,"column":26}},"29":{"start":{"line":55,"column":31},"end":{"line":69,"column":1}},"30":{"start":{"line":56,"column":27},"end":{"line":60,"column":4}},"31":{"start":{"line":61,"column":23},"end":{"line":61,"column":69}},"32":{"start":{"line":62,"column":27},"end":{"line":66,"column":4}},"33":{"start":{"line":67,"column":2},"end":{"line":67,"column":71}},"34":{"start":{"line":67,"column":25},"end":{"line":67,"column":71}},"35":{"start":{"line":68,"column":2},"end":{"line":68,"column":49}},"36":{"start":{"line":71,"column":31},"end":{"line":85,"column":1}},"37":{"start":{"line":72,"column":27},"end":{"line":76,"column":4}},"38":{"start":{"line":77,"column":23},"end":{"line":77,"column":69}},"39":{"start":{"line":78,"column":27},"end":{"line":82,"column":4}},"40":{"start":{"line":83,"column":2},"end":{"line":83,"column":74}},"41":{"start":{"line":83,"column":28},"end":{"line":83,"column":74}},"42":{"start":{"line":84,"column":2},"end":{"line":84,"column":49}},"43":{"start":{"line":87,"column":26},"end":{"line":129,"column":1}},"44":{"start":{"line":88,"column":22},"end":{"line":92,"column":4}},"45":{"start":{"line":93,"column":2},"end":{"line":93,"column":72}},"46":{"start":{"line":93,"column":20},"end":{"line":93,"column":72}},"47":{"start":{"line":94,"column":2},"end":{"line":96,"column":3}},"48":{"start":{"line":95,"column":4},"end":{"line":95,"column":50}},"49":{"start":{"line":97,"column":2},"end":{"line":126,"column":3}},"50":{"start":{"line":98,"column":29},"end":{"line":102,"column":6}},"51":{"start":{"line":103,"column":25},"end":{"line":103,"column":71}},"52":{"start":{"line":104,"column":42},"end":{"line":104,"column":88}},"53":{"start":{"line":104,"column":75},"end":{"line":104,"column":87}},"54":{"start":{"line":105,"column":51},"end":{"line":105,"column":116}},"55":{"start":{"line":105,"column":96},"end":{"line":105,"column":115}},"56":{"start":{"line":106,"column":57},"end":{"line":106,"column":109}},"57":{"start":{"line":107,"column":4},"end":{"line":125,"column":5}},"58":{"start":{"line":108,"column":28},"end":{"line":108,"column":54}},"59":{"start":{"line":109,"column":6},"end":{"line":109,"column":53}},"60":{"start":{"line":110,"column":6},"end":{"line":110,"column":82}},"61":{"start":{"line":110,"column":62},"end":{"line":110,"column":80}},"62":{"start":{"line":111,"column":6},"end":{"line":111,"column":94}},"63":{"start":{"line":112,"column":6},"end":{"line":112,"column":85}},"64":{"start":{"line":113,"column":6},"end":{"line":113,"column":45}},"65":{"start":{"line":114,"column":11},"end":{"line":125,"column":5}},"66":{"start":{"line":115,"column":28},"end":{"line":115,"column":54}},"67":{"start":{"line":116,"column":6},"end":{"line":116,"column":53}},"68":{"start":{"line":117,"column":6},"end":{"line":117,"column":114}},"69":{"start":{"line":117,"column":40},"end":{"line":117,"column":114}},"70":{"start":{"line":118,"column":6},"end":{"line":120,"column":9}},"71":{"start":{"line":119,"column":8},"end":{"line":119,"column":106}},"72":{"start":{"line":119,"column":46},"end":{"line":119,"column":106}},"73":{"start":{"line":121,"column":6},"end":{"line":121,"column":82}},"74":{"start":{"line":121,"column":62},"end":{"line":121,"column":80}},"75":{"start":{"line":122,"column":6},"end":{"line":122,"column":129}},"76":{"start":{"line":122,"column":62},"end":{"line":122,"column":127}},"77":{"start":{"line":123,"column":6},"end":{"line":123,"column":85}},"78":{"start":{"line":124,"column":6},"end":{"line":124,"column":45}},"79":{"start":{"line":127,"column":2},"end":{"line":127,"column":27}},"80":{"start":{"line":128,"column":2},"end":{"line":128,"column":55}},"81":{"start":{"line":131,"column":26},"end":{"line":148,"column":1}},"82":{"start":{"line":132,"column":22},"end":{"line":136,"column":4}},"83":{"start":{"line":137,"column":2},"end":{"line":137,"column":72}},"84":{"start":{"line":137,"column":20},"end":{"line":137,"column":72}},"85":{"start":{"line":138,"column":27},"end":{"line":142,"column":4}},"86":{"start":{"line":143,"column":23},"end":{"line":143,"column":69}},"87":{"start":{"line":144,"column":2},"end":{"line":144,"column":28}},"88":{"start":{"line":145,"column":2},"end":{"line":145,"column":35}},"89":{"start":{"line":146,"column":2},"end":{"line":146,"column":30}},"90":{"start":{"line":147,"column":2},"end":{"line":147,"column":55}},"91":{"start":{"line":150,"column":29},"end":{"line":161,"column":1}},"92":{"start":{"line":151,"column":27},"end":{"line":155,"column":4}},"93":{"start":{"line":156,"column":23},"end":{"line":156,"column":69}},"94":{"start":{"line":157,"column":24},"end":{"line":157,"column":50}},"95":{"start":{"line":158,"column":2},"end":{"line":158,"column":49}},"96":{"start":{"line":159,"column":2},"end":{"line":159,"column":136}},"97":{"start":{"line":159,"column":58},"end":{"line":159,"column":134}},"98":{"start":{"line":160,"column":2},"end":{"line":160,"column":25}},"99":{"start":{"line":163,"column":36},"end":{"line":185,"column":1}},"100":{"start":{"line":164,"column":27},"end":{"line":168,"column":4}},"101":{"start":{"line":169,"column":23},"end":{"line":169,"column":69}},"102":{"start":{"line":170,"column":26},"end":{"line":170,"column":52}},"103":{"start":{"line":171,"column":2},"end":{"line":171,"column":89}},"104":{"start":{"line":171,"column":38},"end":{"line":171,"column":89}},"105":{"start":{"line":172,"column":2},"end":{"line":172,"column":88}},"106":{"start":{"line":172,"column":37},"end":{"line":172,"column":88}},"107":{"start":{"line":173,"column":2},"end":{"line":173,"column":104}},"108":{"start":{"line":174,"column":27},"end":{"line":180,"column":4}},"109":{"start":{"line":175,"column":4},"end":{"line":175,"column":93}},"110":{"start":{"line":175,"column":86},"end":{"line":175,"column":93}},"111":{"start":{"line":176,"column":4},"end":{"line":178,"column":5}},"112":{"start":{"line":177,"column":6},"end":{"line":177,"column":26}},"113":{"start":{"line":179,"column":4},"end":{"line":179,"column":21}},"114":{"start":{"line":181,"column":2},"end":{"line":181,"column":75}},"115":{"start":{"line":181,"column":64},"end":{"line":181,"column":73}},"116":{"start":{"line":182,"column":2},"end":{"line":182,"column":84}},"117":{"start":{"line":183,"column":2},"end":{"line":183,"column":41}},"118":{"start":{"line":184,"column":2},"end":{"line":184,"column":54}},"119":{"start":{"line":188,"column":0},"end":{"line":199,"column":2}}},"fnMap":{"0":{"name":"(anonymous_0)","decl":{"start":{"line":5,"column":24},"end":{"line":5,"column":25}},"loc":{"start":{"line":5,"column":36},"end":{"line":8,"column":1}},"line":5},"1":{"name":"(anonymous_1)","decl":{"start":{"line":10,"column":26},"end":{"line":10,"column":27}},"loc":{"start":{"line":10,"column":72},"end":{"line":31,"column":1}},"line":10},"2":{"name":"(anonymous_2)","decl":{"start":{"line":26,"column":62},"end":{"line":26,"column":63}},"loc":{"start":{"line":26,"column":73},"end":{"line":26,"column":85}},"line":26},"3":{"name":"(anonymous_3)","decl":{"start":{"line":27,"column":83},"end":{"line":27,"column":84}},"loc":{"start":{"line":27,"column":94},"end":{"line":27,"column":113}},"line":27},"4":{"name":"(anonymous_4)","decl":{"start":{"line":33,"column":30},"end":{"line":33,"column":31}},"loc":{"start":{"line":33,"column":44},"end":{"line":42,"column":1}},"line":33},"5":{"name":"(anonymous_5)","decl":{"start":{"line":44,"column":31},"end":{"line":44,"column":32}},"loc":{"start":{"line":44,"column":52},"end":{"line":53,"column":1}},"line":44},"6":{"name":"(anonymous_6)","decl":{"start":{"line":55,"column":31},"end":{"line":55,"column":32}},"loc":{"start":{"line":55,"column":54},"end":{"line":69,"column":1}},"line":55},"7":{"name":"(anonymous_7)","decl":{"start":{"line":71,"column":31},"end":{"line":71,"column":32}},"loc":{"start":{"line":71,"column":61},"end":{"line":85,"column":1}},"line":71},"8":{"name":"(anonymous_8)","decl":{"start":{"line":87,"column":26},"end":{"line":87,"column":27}},"loc":{"start":{"line":87,"column":87},"end":{"line":129,"column":1}},"line":87},"9":{"name":"(anonymous_9)","decl":{"start":{"line":104,"column":64},"end":{"line":104,"column":65}},"loc":{"start":{"line":104,"column":75},"end":{"line":104,"column":87}},"line":104},"10":{"name":"(anonymous_10)","decl":{"start":{"line":105,"column":85},"end":{"line":105,"column":86}},"loc":{"start":{"line":105,"column":96},"end":{"line":105,"column":115}},"line":105},"11":{"name":"(anonymous_11)","decl":{"start":{"line":110,"column":47},"end":{"line":110,"column":48}},"loc":{"start":{"line":110,"column":62},"end":{"line":110,"column":80}},"line":110},"12":{"name":"(anonymous_12)","decl":{"start":{"line":118,"column":59},"end":{"line":118,"column":60}},"loc":{"start":{"line":118,"column":70},"end":{"line":120,"column":7}},"line":118},"13":{"name":"(anonymous_13)","decl":{"start":{"line":121,"column":47},"end":{"line":121,"column":48}},"loc":{"start":{"line":121,"column":62},"end":{"line":121,"column":80}},"line":121},"14":{"name":"(anonymous_14)","decl":{"start":{"line":122,"column":47},"end":{"line":122,"column":48}},"loc":{"start":{"line":122,"column":62},"end":{"line":122,"column":127}},"line":122},"15":{"name":"(anonymous_15)","decl":{"start":{"line":131,"column":26},"end":{"line":131,"column":27}},"loc":{"start":{"line":131,"column":40},"end":{"line":148,"column":1}},"line":131},"16":{"name":"(anonymous_16)","decl":{"start":{"line":150,"column":29},"end":{"line":150,"column":30}},"loc":{"start":{"line":150,"column":43},"end":{"line":161,"column":1}},"line":150},"17":{"name":"(anonymous_17)","decl":{"start":{"line":159,"column":43},"end":{"line":159,"column":44}},"loc":{"start":{"line":159,"column":58},"end":{"line":159,"column":134}},"line":159},"18":{"name":"(anonymous_18)","decl":{"start":{"line":163,"column":36},"end":{"line":163,"column":37}},"loc":{"start":{"line":163,"column":78},"end":{"line":185,"column":1}},"line":163},"19":{"name":"(anonymous_19)","decl":{"start":{"line":174,"column":60},"end":{"line":174,"column":61}},"loc":{"start":{"line":174,"column":75},"end":{"line":180,"column":3}},"line":174},"20":{"name":"(anonymous_20)","decl":{"start":{"line":181,"column":49},"end":{"line":181,"column":50}},"loc":{"start":{"line":181,"column":64},"end":{"line":181,"column":73}},"line":181}},"branchMap":{"0":{"loc":{"start":{"line":16,"column":2},"end":{"line":18,"column":3}},"type":"if","locations":[{"start":{"line":16,"column":2},"end":{"line":18,"column":3}},{"start":{},"end":{}}],"line":16},"1":{"loc":{"start":{"line":67,"column":2},"end":{"line":67,"column":71}},"type":"if","locations":[{"start":{"line":67,"column":2},"end":{"line":67,"column":71}},{"start":{},"end":{}}],"line":67},"2":{"loc":{"start":{"line":83,"column":2},"end":{"line":83,"column":74}},"type":"if","locations":[{"start":{"line":83,"column":2},"end":{"line":83,"column":74}},{"start":{},"end":{}}],"line":83},"3":{"loc":{"start":{"line":93,"column":2},"end":{"line":93,"column":72}},"type":"if","locations":[{"start":{"line":93,"column":2},"end":{"line":93,"column":72}},{"start":{},"end":{}}],"line":93},"4":{"loc":{"start":{"line":94,"column":2},"end":{"line":96,"column":3}},"type":"if","locations":[{"start":{"line":94,"column":2},"end":{"line":96,"column":3}},{"start":{},"end":{}}],"line":94},"5":{"loc":{"start":{"line":97,"column":2},"end":{"line":126,"column":3}},"type":"if","locations":[{"start":{"line":97,"column":2},"end":{"line":126,"column":3}},{"start":{},"end":{}}],"line":97},"6":{"loc":{"start":{"line":107,"column":4},"end":{"line":125,"column":5}},"type":"if","locations":[{"start":{"line":107,"column":4},"end":{"line":125,"column":5}},{"start":{"line":114,"column":11},"end":{"line":125,"column":5}}],"line":107},"7":{"loc":{"start":{"line":114,"column":11},"end":{"line":125,"column":5}},"type":"if","locations":[{"start":{"line":114,"column":11},"end":{"line":125,"column":5}},{"start":{},"end":{}}],"line":114},"8":{"loc":{"start":{"line":117,"column":6},"end":{"line":117,"column":114}},"type":"if","locations":[{"start":{"line":117,"column":6},"end":{"line":117,"column":114}},{"start":{},"end":{}}],"line":117},"9":{"loc":{"start":{"line":119,"column":8},"end":{"line":119,"column":106}},"type":"if","locations":[{"start":{"line":119,"column":8},"end":{"line":119,"column":106}},{"start":{},"end":{}}],"line":119},"10":{"loc":{"start":{"line":137,"column":2},"end":{"line":137,"column":72}},"type":"if","locations":[{"start":{"line":137,"column":2},"end":{"line":137,"column":72}},{"start":{},"end":{}}],"line":137},"11":{"loc":{"start":{"line":159,"column":58},"end":{"line":159,"column":134}},"type":"binary-expr","locations":[{"start":{"line":159,"column":58},"end":{"line":159,"column":76}},{"start":{"line":159,"column":80},"end":{"line":159,"column":105}},{"start":{"line":159,"column":109},"end":{"line":159,"column":134}}],"line":159},"12":{"loc":{"start":{"line":171,"column":2},"end":{"line":171,"column":89}},"type":"if","locations":[{"start":{"line":171,"column":2},"end":{"line":171,"column":89}},{"start":{},"end":{}}],"line":171},"13":{"loc":{"start":{"line":172,"column":2},"end":{"line":172,"column":88}},"type":"if","locations":[{"start":{"line":172,"column":2},"end":{"line":172,"column":88}},{"start":{},"end":{}}],"line":172},"14":{"loc":{"start":{"line":175,"column":4},"end":{"line":175,"column":93}},"type":"if","locations":[{"start":{"line":175,"column":4},"end":{"line":175,"column":93}},{"start":{},"end":{}}],"line":175},"15":{"loc":{"start":{"line":175,"column":8},"end":{"line":175,"column":84}},"type":"binary-expr","locations":[{"start":{"line":175,"column":8},"end":{"line":175,"column":26}},{"start":{"line":175,"column":30},"end":{"line":175,"column":55}},{"start":{"line":175,"column":59},"end":{"line":175,"column":84}}],"line":175},"16":{"loc":{"start":{"line":176,"column":4},"end":{"line":178,"column":5}},"type":"if","locations":[{"start":{"line":176,"column":4},"end":{"line":178,"column":5}},{"start":{},"end":{}}],"line":176}},"s":{"0":2,"1":2,"2":2,"3":2,"4":1,"5":1,"6":2,"7":2,"8":2,"9":1,"10":1,"11":1,"12":1,"13":2,"14":1,"15":2,"16":1,"17":1,"18":1,"19":2,"20":1,"21":1,"22":1,"23":1,"24":2,"25":1,"26":1,"27":1,"28":1,"29":2,"30":2,"31":2,"32":2,"33":2,"34":1,"35":1,"36":2,"37":2,"38":2,"39":2,"40":2,"41":1,"42":1,"43":2,"44":6,"45":6,"46":1,"47":5,"48":1,"49":5,"50":5,"51":5,"52":5,"53":8,"54":5,"55":8,"56":5,"57":5,"58":2,"59":2,"60":2,"61":4,"62":2,"63":2,"64":2,"65":3,"66":3,"67":3,"68":3,"69":2,"70":1,"71":2,"72":0,"73":1,"74":2,"75":1,"76":2,"77":1,"78":1,"79":3,"80":3,"81":2,"82":2,"83":2,"84":1,"85":1,"86":1,"87":1,"88":1,"89":1,"90":1,"91":2,"92":1,"93":1,"94":1,"95":1,"96":1,"97":2,"98":1,"99":2,"100":3,"101":3,"102":3,"103":3,"104":1,"105":2,"106":1,"107":1,"108":1,"109":2,"110":0,"111":2,"112":1,"113":1,"114":1,"115":2,"116":1,"117":1,"118":1,"119":2},"f":{"0":1,"1":2,"2":2,"3":2,"4":1,"5":1,"6":2,"7":2,"8":6,"9":8,"10":8,"11":4,"12":2,"13":2,"14":2,"15":2,"16":1,"17":2,"18":3,"19":2,"20":2},"b":{"0":[1,1],"1":[1,1],"2":[1,1],"3":[1,5],"4":[1,4],"5":[5,0],"6":[2,3],"7":[3,0],"8":[2,1],"9":[0,2],"10":[1,1],"11":[2,2,2],"12":[1,2],"13":[1,1],"14":[0,2],"15":[2,2,2],"16":[1,1]},"_coverageSchema":"1a1c01bbd47fc00a2c39e90264f33305004495a9","hash":"6cb288b70fdccbe2dccb30b660b2533e2e0c3642"}
,"/Users/shivam_agarwal/CodeAcademy/eval-4/eval-4-backend/src/utils/customError.utils.js": {"path":"/Users/shivam_agarwal/CodeAcademy/eval-4/eval-4-backend/src/utils/customError.utils.js","statementMap":{"0":{"start":{"line":3,"column":4},"end":{"line":3,"column":19}},"1":{"start":{"line":4,"column":4},"end":{"line":4,"column":33}},"2":{"start":{"line":5,"column":4},"end":{"line":5,"column":27}},"3":{"start":{"line":9,"column":0},"end":{"line":9,"column":29}}},"fnMap":{"0":{"name":"(anonymous_0)","decl":{"start":{"line":2,"column":2},"end":{"line":2,"column":3}},"loc":{"start":{"line":2,"column":35},"end":{"line":6,"column":3}},"line":2}},"branchMap":{},"s":{"0":19,"1":19,"2":19,"3":2},"f":{"0":19},"b":{},"_coverageSchema":"1a1c01bbd47fc00a2c39e90264f33305004495a9","hash":"d47ecfadd014ead4304680f5df5278b347ea1880"}
,"/Users/shivam_agarwal/CodeAcademy/eval-4/eval-4-backend/src/utils/dynamicTableCreation.utils.js": {"path":"/Users/shivam_agarwal/CodeAcademy/eval-4/eval-4-backend/src/utils/dynamicTableCreation.utils.js","statementMap":{"0":{"start":{"line":1,"column":11},"end":{"line":1,"column":37}},"1":{"start":{"line":3,"column":28},"end":{"line":29,"column":1}},"2":{"start":{"line":4,"column":22},"end":{"line":4,"column":24}},"3":{"start":{"line":5,"column":2},"end":{"line":9,"column":5}},"4":{"start":{"line":6,"column":4},"end":{"line":8,"column":6}},"5":{"start":{"line":10,"column":26},"end":{"line":17,"column":3}},"6":{"start":{"line":18,"column":2},"end":{"line":21,"column":5}},"7":{"start":{"line":22,"column":2},"end":{"line":28,"column":9}},"8":{"start":{"line":24,"column":8},"end":{"line":24,"column":42}},"9":{"start":{"line":27,"column":8},"end":{"line":27,"column":51}},"10":{"start":{"line":31,"column":0},"end":{"line":33,"column":2}}},"fnMap":{"0":{"name":"(anonymous_0)","decl":{"start":{"line":3,"column":28},"end":{"line":3,"column":29}},"loc":{"start":{"line":3,"column":51},"end":{"line":29,"column":1}},"line":3},"1":{"name":"(anonymous_1)","decl":{"start":{"line":5,"column":17},"end":{"line":5,"column":18}},"loc":{"start":{"line":5,"column":28},"end":{"line":9,"column":3}},"line":5},"2":{"name":"(anonymous_2)","decl":{"start":{"line":23,"column":12},"end":{"line":23,"column":13}},"loc":{"start":{"line":23,"column":18},"end":{"line":25,"column":7}},"line":23},"3":{"name":"(anonymous_3)","decl":{"start":{"line":26,"column":13},"end":{"line":26,"column":14}},"loc":{"start":{"line":26,"column":22},"end":{"line":28,"column":7}},"line":26}},"branchMap":{},"s":{"0":3,"1":3,"2":2,"3":2,"4":4,"5":2,"6":2,"7":2,"8":1,"9":1,"10":3},"f":{"0":2,"1":4,"2":1,"3":1},"b":{},"_coverageSchema":"1a1c01bbd47fc00a2c39e90264f33305004495a9","hash":"ef477848cbd99e177297c78efa05212b1f3ad110"}
}
