TN:
SF:db/config/config.js
FNF:0
FNH:0
DA:1,3
LF:1
LH:1
BRDA:3,0,0,3
BRDA:3,0,1,3
BRDA:4,1,0,3
BRDA:4,1,1,3
BRDA:5,2,0,3
BRDA:5,2,1,3
BRDA:6,3,0,3
BRDA:6,3,1,3
BRDA:8,4,0,3
BRDA:8,4,1,3
BRDA:12,5,0,3
BRDA:12,5,1,3
BRDA:13,6,0,3
BRDA:13,6,1,3
BRDA:14,7,0,3
BRDA:14,7,1,3
BRDA:15,8,0,3
BRDA:15,8,1,3
BRDA:17,9,0,3
BRDA:17,9,1,3
BRF:20
BRH:20
end_of_record
TN:
SF:db/models/contenttypes.js
FN:5,(anonymous_0)
FN:12,(anonymous_1)
FNF:2
FNH:2
FNDA:3,(anonymous_0)
FNDA:3,(anonymous_1)
DA:4,3
DA:5,3
DA:14,3
DA:17,3
DA:23,3
LF:5
LH:5
BRF:0
BRH:0
end_of_record
TN:
SF:db/models/index.js
FN:21,(anonymous_0)
FN:29,(anonymous_1)
FN:34,(anonymous_2)
FN:43,(anonymous_3)
FNF:4
FNH:3
FNDA:9,(anonymous_0)
FNDA:6,(anonymous_1)
FNDA:6,(anonymous_2)
FNDA:0,(anonymous_3)
DA:3,3
DA:4,3
DA:5,3
DA:6,3
DA:7,3
DA:8,3
DA:9,3
DA:10,3
DA:13,3
DA:14,0
DA:16,3
DA:19,3
DA:22,9
DA:30,6
DA:31,6
DA:34,3
DA:35,6
DA:36,6
DA:40,3
DA:41,3
DA:43,0
DA:44,0
DA:48,3
DA:49,3
DA:51,3
LF:25
LH:22
BRDA:8,0,0,3
BRDA:8,0,1,0
BRDA:13,1,0,0
BRDA:13,1,1,3
BRDA:23,2,0,9
BRDA:23,2,1,9
BRDA:23,2,2,6
BRDA:23,2,3,6
BRDA:35,3,0,6
BRDA:35,3,1,0
BRDA:40,4,0,3
BRDA:40,4,1,0
BRF:12
BRH:8
end_of_record
TN:
SF:db/models/tableslist.js
FN:5,(anonymous_0)
FN:12,(anonymous_1)
FNF:2
FNH:2
FNDA:3,(anonymous_0)
FNDA:3,(anonymous_1)
DA:4,3
DA:5,3
DA:14,3
DA:20,3
DA:27,3
LF:5
LH:5
BRF:0
BRH:0
end_of_record
TN:
SF:src/controllers/cms.controllers.js
FN:4,(anonymous_0)
FN:17,(anonymous_1)
FN:31,(anonymous_2)
FN:45,(anonymous_3)
FN:60,(anonymous_4)
FN:75,(anonymous_5)
FN:89,(anonymous_6)
FN:104,(anonymous_7)
FN:118,(anonymous_8)
FN:132,(anonymous_9)
FNF:10
FNH:10
FNDA:3,(anonymous_0)
FNDA:3,(anonymous_1)
FNDA:3,(anonymous_2)
FNDA:3,(anonymous_3)
FNDA:3,(anonymous_4)
FNDA:3,(anonymous_5)
FNDA:3,(anonymous_6)
FNDA:3,(anonymous_7)
FNDA:3,(anonymous_8)
FNDA:3,(anonymous_9)
DA:1,1
DA:2,1
DA:4,1
DA:5,3
DA:6,3
DA:7,1
DA:9,2
DA:10,1
DA:12,1
DA:17,1
DA:18,3
DA:19,3
DA:20,3
DA:21,1
DA:23,2
DA:24,1
DA:26,1
DA:31,1
DA:32,3
DA:33,3
DA:34,3
DA:35,1
DA:37,2
DA:38,1
DA:40,1
DA:45,1
DA:46,3
DA:47,3
DA:48,3
DA:49,3
DA:50,1
DA:52,2
DA:53,1
DA:55,1
DA:60,1
DA:61,3
DA:62,3
DA:63,3
DA:64,3
DA:65,1
DA:67,2
DA:68,1
DA:70,1
DA:75,1
DA:76,3
DA:77,3
DA:78,3
DA:79,1
DA:81,2
DA:82,1
DA:84,1
DA:89,1
DA:90,3
DA:91,3
DA:92,3
DA:93,3
DA:94,1
DA:96,2
DA:97,1
DA:99,1
DA:104,1
DA:105,3
DA:106,3
DA:107,3
DA:108,1
DA:110,2
DA:111,1
DA:113,1
DA:118,1
DA:119,3
DA:120,3
DA:121,3
DA:122,1
DA:124,2
DA:125,1
DA:127,1
DA:132,1
DA:133,3
DA:134,3
DA:135,3
DA:136,3
DA:137,1
DA:139,2
DA:140,1
DA:142,1
DA:148,1
LF:86
LH:86
BRDA:9,0,0,1
BRDA:9,0,1,1
BRDA:23,1,0,1
BRDA:23,1,1,1
BRDA:37,2,0,1
BRDA:37,2,1,1
BRDA:52,3,0,1
BRDA:52,3,1,1
BRDA:67,4,0,1
BRDA:67,4,1,1
BRDA:81,5,0,1
BRDA:81,5,1,1
BRDA:96,6,0,1
BRDA:96,6,1,1
BRDA:110,7,0,1
BRDA:110,7,1,1
BRDA:124,8,0,1
BRDA:124,8,1,1
BRDA:139,9,0,1
BRDA:139,9,1,1
BRF:20
BRH:20
end_of_record
TN:
SF:src/middlewares/cms.validations.js
FN:3,(anonymous_0)
FNF:1
FNH:1
FNDA:4,(anonymous_0)
DA:1,1
DA:3,1
DA:4,4
DA:5,4
DA:6,4
DA:7,1
DA:8,1
DA:9,1
DA:11,3
DA:12,2
DA:13,2
DA:14,1
DA:15,1
DA:16,1
DA:19,2
DA:22,1
LF:16
LH:16
BRDA:6,0,0,1
BRDA:6,0,1,3
BRDA:11,1,0,2
BRDA:11,1,1,1
BRDA:13,2,0,1
BRDA:13,2,1,1
BRF:6
BRH:6
end_of_record
TN:
SF:src/schemas/cms.schemas.js
FNF:0
FNH:0
DA:1,1
DA:3,1
DA:7,1
LF:3
LH:3
BRF:0
BRH:0
end_of_record
TN:
SF:src/services/cms.services.js
FN:5,(anonymous_0)
FN:10,(anonymous_1)
FN:26,(anonymous_2)
FN:27,(anonymous_3)
FN:33,(anonymous_4)
FN:44,(anonymous_5)
FN:55,(anonymous_6)
FN:71,(anonymous_7)
FN:87,(anonymous_8)
FN:104,(anonymous_9)
FN:105,(anonymous_10)
FN:110,(anonymous_11)
FN:118,(anonymous_12)
FN:121,(anonymous_13)
FN:122,(anonymous_14)
FN:131,(anonymous_15)
FN:150,(anonymous_16)
FN:159,(anonymous_17)
FN:163,(anonymous_18)
FN:174,(anonymous_19)
FN:181,(anonymous_20)
FNF:21
FNH:21
FNDA:1,(anonymous_0)
FNDA:2,(anonymous_1)
FNDA:2,(anonymous_2)
FNDA:2,(anonymous_3)
FNDA:1,(anonymous_4)
FNDA:1,(anonymous_5)
FNDA:2,(anonymous_6)
FNDA:2,(anonymous_7)
FNDA:6,(anonymous_8)
FNDA:8,(anonymous_9)
FNDA:8,(anonymous_10)
FNDA:4,(anonymous_11)
FNDA:2,(anonymous_12)
FNDA:2,(anonymous_13)
FNDA:2,(anonymous_14)
FNDA:2,(anonymous_15)
FNDA:1,(anonymous_16)
FNDA:2,(anonymous_17)
FNDA:3,(anonymous_18)
FNDA:2,(anonymous_19)
FNDA:2,(anonymous_20)
DA:1,2
DA:2,2
DA:3,2
DA:5,2
DA:6,1
DA:7,1
DA:10,2
DA:11,2
DA:16,2
DA:17,1
DA:19,1
DA:22,1
DA:26,2
DA:27,2
DA:28,1
DA:29,1
DA:30,1
DA:33,2
DA:34,1
DA:39,1
DA:40,1
DA:41,1
DA:44,2
DA:45,1
DA:50,1
DA:51,1
DA:52,1
DA:55,2
DA:56,2
DA:61,2
DA:62,2
DA:67,2
DA:68,1
DA:71,2
DA:72,2
DA:77,2
DA:78,2
DA:83,2
DA:84,1
DA:87,2
DA:88,6
DA:93,6
DA:94,5
DA:95,1
DA:97,5
DA:98,5
DA:103,5
DA:104,8
DA:105,8
DA:106,5
DA:107,5
DA:108,2
DA:109,2
DA:110,4
DA:111,2
DA:112,2
DA:113,2
DA:114,3
DA:115,3
DA:116,3
DA:117,3
DA:118,1
DA:119,2
DA:121,2
DA:122,2
DA:123,1
DA:124,1
DA:127,3
DA:128,3
DA:131,2
DA:132,2
DA:137,2
DA:138,1
DA:143,1
DA:144,1
DA:145,1
DA:146,1
DA:147,1
DA:150,2
DA:151,1
DA:156,1
DA:157,1
DA:158,1
DA:159,2
DA:160,1
DA:163,2
DA:164,3
DA:169,3
DA:170,3
DA:171,3
DA:172,2
DA:173,1
DA:174,1
DA:175,2
DA:176,2
DA:177,1
DA:179,1
DA:181,2
DA:182,1
DA:183,1
DA:184,1
DA:188,2
LF:102
LH:102
BRDA:16,0,0,1
BRDA:16,0,1,1
BRDA:67,1,0,1
BRDA:67,1,1,1
BRDA:83,2,0,1
BRDA:83,2,1,1
BRDA:93,3,0,1
BRDA:93,3,1,5
BRDA:94,4,0,1
BRDA:94,4,1,4
BRDA:97,5,0,5
BRDA:97,5,1,0
BRDA:107,6,0,2
BRDA:107,6,1,3
BRDA:114,7,0,3
BRDA:114,7,1,0
BRDA:117,8,0,2
BRDA:117,8,1,1
BRDA:119,9,0,0
BRDA:119,9,1,2
BRDA:137,10,0,1
BRDA:137,10,1,1
BRDA:159,11,0,2
BRDA:159,11,1,2
BRDA:159,11,2,2
BRDA:171,12,0,1
BRDA:171,12,1,2
BRDA:172,13,0,1
BRDA:172,13,1,1
BRDA:175,14,0,0
BRDA:175,14,1,2
BRDA:175,15,0,2
BRDA:175,15,1,2
BRDA:175,15,2,2
BRDA:176,16,0,1
BRDA:176,16,1,1
BRF:36
BRH:32
end_of_record
TN:
SF:src/utils/customError.utils.js
FN:2,(anonymous_0)
FNF:1
FNH:1
FNDA:19,(anonymous_0)
DA:3,19
DA:4,19
DA:5,19
DA:9,2
LF:4
LH:4
BRF:0
BRH:0
end_of_record
TN:
SF:src/utils/dynamicTableCreation.utils.js
FN:3,(anonymous_0)
FN:5,(anonymous_1)
FN:23,(anonymous_2)
FN:26,(anonymous_3)
FNF:4
FNH:4
FNDA:2,(anonymous_0)
FNDA:4,(anonymous_1)
FNDA:1,(anonymous_2)
FNDA:1,(anonymous_3)
DA:1,3
DA:3,3
DA:4,2
DA:5,2
DA:6,4
DA:10,2
DA:18,2
DA:22,2
DA:24,1
DA:27,1
DA:31,3
LF:11
LH:11
BRF:0
BRH:0
end_of_record
